{"/Users/fjp/projects/syniad/handlers/authorizer.ts": {"path":"/Users/fjp/projects/syniad/handlers/authorizer.ts","statementMap":{"0":{"start":{"line":2,"column":0},"end":{"line":2,"column":52}},"1":{"start":{"line":5,"column":68},"end":{"line":5,"column":72}},"2":{"start":{"line":11,"column":23},"end":{"line":113,"column":1}},"3":{"start":{"line":15,"column":2},"end":{"line":17,"column":3}},"4":{"start":{"line":16,"column":4},"end":{"line":16,"column":68}},"5":{"start":{"line":19,"column":21},"end":{"line":19,"column":45}},"6":{"start":{"line":20,"column":19},"end":{"line":20,"column":50}},"7":{"start":{"line":22,"column":2},"end":{"line":24,"column":3}},"8":{"start":{"line":23,"column":4},"end":{"line":23,"column":94}},"9":{"start":{"line":27,"column":2},"end":{"line":33,"column":3}},"10":{"start":{"line":28,"column":4},"end":{"line":32,"column":7}},"11":{"start":{"line":36,"column":21},"end":{"line":36,"column":81}},"12":{"start":{"line":37,"column":2},"end":{"line":41,"column":3}},"13":{"start":{"line":38,"column":4},"end":{"line":38,"column":62}},"14":{"start":{"line":39,"column":4},"end":{"line":39,"column":101}},"15":{"start":{"line":40,"column":4},"end":{"line":40,"column":62}},"16":{"start":{"line":44,"column":16},"end":{"line":44,"column":53}},"17":{"start":{"line":47,"column":2},"end":{"line":47,"column":53}},"18":{"start":{"line":48,"column":2},"end":{"line":48,"column":74}},"19":{"start":{"line":49,"column":2},"end":{"line":49,"column":69}},"20":{"start":{"line":50,"column":2},"end":{"line":50,"column":58}},"21":{"start":{"line":51,"column":2},"end":{"line":51,"column":74}},"22":{"start":{"line":52,"column":2},"end":{"line":52,"column":76}},"23":{"start":{"line":53,"column":2},"end":{"line":53,"column":100}},"24":{"start":{"line":55,"column":2},"end":{"line":112,"column":3}},"25":{"start":{"line":57,"column":20},"end":{"line":57,"column":48}},"26":{"start":{"line":61,"column":19},"end":{"line":61,"column":44}},"27":{"start":{"line":62,"column":18},"end":{"line":62,"column":60}},"28":{"start":{"line":63,"column":21},"end":{"line":63,"column":137}},"29":{"start":{"line":67,"column":55},"end":{"line":71,"column":6}},"30":{"start":{"line":77,"column":21},"end":{"line":77,"column":41}},"31":{"start":{"line":82,"column":23},"end":{"line":82,"column":42}},"32":{"start":{"line":83,"column":4},"end":{"line":83,"column":77}},"33":{"start":{"line":85,"column":4},"end":{"line":107,"column":5}},"34":{"start":{"line":89,"column":33},"end":{"line":89,"column":46}},"35":{"start":{"line":90,"column":20},"end":{"line":90,"column":33}},"36":{"start":{"line":92,"column":31},"end":{"line":92,"column":67}},"37":{"start":{"line":94,"column":6},"end":{"line":94,"column":82}},"38":{"start":{"line":95,"column":6},"end":{"line":95,"column":48}},"39":{"start":{"line":96,"column":6},"end":{"line":96,"column":54}},"40":{"start":{"line":97,"column":6},"end":{"line":97,"column":64}},"41":{"start":{"line":98,"column":6},"end":{"line":98,"column":76}},"42":{"start":{"line":99,"column":6},"end":{"line":99,"column":48}},"43":{"start":{"line":100,"column":6},"end":{"line":100,"column":80}},"44":{"start":{"line":101,"column":6},"end":{"line":101,"column":72}},"45":{"start":{"line":104,"column":6},"end":{"line":104,"column":86}},"46":{"start":{"line":105,"column":6},"end":{"line":105,"column":82}},"47":{"start":{"line":106,"column":6},"end":{"line":106,"column":64}},"48":{"start":{"line":109,"column":4},"end":{"line":109,"column":68}},"49":{"start":{"line":110,"column":4},"end":{"line":110,"column":107}},"50":{"start":{"line":111,"column":4},"end":{"line":111,"column":69}},"51":{"start":{"line":11,"column":13},"end":{"line":11,"column":23}},"52":{"start":{"line":124,"column":2},"end":{"line":137,"column":4}}},"fnMap":{"0":{"name":"(anonymous_0)","decl":{"start":{"line":11,"column":23},"end":{"line":11,"column":28}},"loc":{"start":{"line":13,"column":41},"end":{"line":113,"column":1}}},"1":{"name":"generatePolicy","decl":{"start":{"line":118,"column":9},"end":{"line":118,"column":23}},"loc":{"start":{"line":122,"column":44},"end":{"line":138,"column":1}}}},"branchMap":{"0":{"loc":{"start":{"line":15,"column":2},"end":{"line":17,"column":3}},"type":"if","locations":[{"start":{"line":15,"column":2},"end":{"line":17,"column":3}}]},"1":{"loc":{"start":{"line":22,"column":2},"end":{"line":24,"column":3}},"type":"if","locations":[{"start":{"line":22,"column":2},"end":{"line":24,"column":3}}]},"2":{"loc":{"start":{"line":22,"column":6},"end":{"line":22,"column":30}},"type":"binary-expr","locations":[{"start":{"line":22,"column":6},"end":{"line":22,"column":17}},{"start":{"line":22,"column":21},"end":{"line":22,"column":30}}]},"3":{"loc":{"start":{"line":27,"column":2},"end":{"line":33,"column":3}},"type":"if","locations":[{"start":{"line":27,"column":2},"end":{"line":33,"column":3}}]},"4":{"loc":{"start":{"line":36,"column":21},"end":{"line":36,"column":81}},"type":"binary-expr","locations":[{"start":{"line":36,"column":21},"end":{"line":36,"column":49}},{"start":{"line":36,"column":53},"end":{"line":36,"column":81}}]},"5":{"loc":{"start":{"line":37,"column":2},"end":{"line":41,"column":3}},"type":"if","locations":[{"start":{"line":37,"column":2},"end":{"line":41,"column":3}}]},"6":{"loc":{"start":{"line":39,"column":78},"end":{"line":39,"column":97}},"type":"binary-expr","locations":[{"start":{"line":39,"column":78},"end":{"line":39,"column":91}},{"start":{"line":39,"column":95},"end":{"line":39,"column":97}}]},"7":{"loc":{"start":{"line":61,"column":26},"end":{"line":61,"column":43}},"type":"binary-expr","locations":[{"start":{"line":61,"column":26},"end":{"line":61,"column":37}},{"start":{"line":61,"column":41},"end":{"line":61,"column":43}}]},"8":{"loc":{"start":{"line":62,"column":18},"end":{"line":62,"column":60}},"type":"cond-expr","locations":[{"start":{"line":62,"column":34},"end":{"line":62,"column":55}},{"start":{"line":62,"column":58},"end":{"line":62,"column":60}}]},"9":{"loc":{"start":{"line":63,"column":21},"end":{"line":63,"column":137}},"type":"cond-expr","locations":[{"start":{"line":63,"column":71},"end":{"line":63,"column":132}},{"start":{"line":63,"column":135},"end":{"line":63,"column":137}}]},"10":{"loc":{"start":{"line":63,"column":21},"end":{"line":63,"column":68}},"type":"binary-expr","locations":[{"start":{"line":63,"column":21},"end":{"line":63,"column":48}},{"start":{"line":63,"column":52},"end":{"line":63,"column":68}}]},"11":{"loc":{"start":{"line":63,"column":78},"end":{"line":63,"column":131}},"type":"binary-expr","locations":[{"start":{"line":63,"column":78},"end":{"line":63,"column":105}},{"start":{"line":63,"column":109},"end":{"line":63,"column":125}},{"start":{"line":63,"column":129},"end":{"line":63,"column":131}}]},"12":{"loc":{"start":{"line":77,"column":21},"end":{"line":77,"column":41}},"type":"binary-expr","locations":[{"start":{"line":77,"column":21},"end":{"line":77,"column":35}},{"start":{"line":77,"column":39},"end":{"line":77,"column":41}}]},"13":{"loc":{"start":{"line":85,"column":4},"end":{"line":107,"column":5}},"type":"if","locations":[{"start":{"line":85,"column":4},"end":{"line":107,"column":5}},{"start":{"line":102,"column":11},"end":{"line":107,"column":5}}]},"14":{"loc":{"start":{"line":111,"column":42},"end":{"line":111,"column":63}},"type":"binary-expr","locations":[{"start":{"line":111,"column":42},"end":{"line":111,"column":56}},{"start":{"line":111,"column":60},"end":{"line":111,"column":63}}]}},"s":{"0":0,"1":0,"2":0,"3":0,"4":0,"5":0,"6":0,"7":0,"8":0,"9":0,"10":0,"11":0,"12":0,"13":0,"14":0,"15":0,"16":0,"17":0,"18":0,"19":0,"20":0,"21":0,"22":0,"23":0,"24":0,"25":0,"26":0,"27":0,"28":0,"29":0,"30":0,"31":0,"32":0,"33":0,"34":0,"35":0,"36":0,"37":0,"38":0,"39":0,"40":0,"41":0,"42":0,"43":0,"44":0,"45":0,"46":0,"47":0,"48":0,"49":0,"50":0,"51":0,"52":0},"f":{"0":0,"1":0},"b":{"0":[0],"1":[0],"2":[0,0],"3":[0],"4":[0,0],"5":[0],"6":[0,0],"7":[0,0],"8":[0,0],"9":[0,0],"10":[0,0],"11":[0,0,0],"12":[0,0],"13":[0,0],"14":[0,0]}}
,"/Users/fjp/projects/syniad/handlers/createGame.ts": {"path":"/Users/fjp/projects/syniad/handlers/createGame.ts","statementMap":{"0":{"start":{"line":2,"column":0},"end":{"line":2,"column":36}},"1":{"start":{"line":3,"column":0},"end":{"line":3,"column":37}},"2":{"start":{"line":4,"column":0},"end":{"line":4,"column":50}},"3":{"start":{"line":7,"column":23},"end":{"line":65,"column":1}},"4":{"start":{"line":10,"column":2},"end":{"line":64,"column":3}},"5":{"start":{"line":12,"column":17},"end":{"line":12,"column":43}},"6":{"start":{"line":13,"column":19},"end":{"line":13,"column":30}},"7":{"start":{"line":14,"column":21},"end":{"line":14,"column":40}},"8":{"start":{"line":15,"column":18},"end":{"line":15,"column":34}},"9":{"start":{"line":17,"column":17},"end":{"line":17,"column":57}},"10":{"start":{"line":18,"column":31},"end":{"line":18,"column":80}},"11":{"start":{"line":20,"column":19},"end":{"line":20,"column":27}},"12":{"start":{"line":21,"column":23},"end":{"line":31,"column":6}},"13":{"start":{"line":33,"column":4},"end":{"line":33,"column":25}},"14":{"start":{"line":35,"column":4},"end":{"line":50,"column":6}},"15":{"start":{"line":52,"column":4},"end":{"line":52,"column":49}},"16":{"start":{"line":53,"column":4},"end":{"line":63,"column":6}},"17":{"start":{"line":7,"column":13},"end":{"line":7,"column":23}}},"fnMap":{"0":{"name":"(anonymous_0)","decl":{"start":{"line":7,"column":23},"end":{"line":7,"column":28}},"loc":{"start":{"line":9,"column":36},"end":{"line":65,"column":1}}}},"branchMap":{"0":{"loc":{"start":{"line":14,"column":21},"end":{"line":14,"column":40}},"type":"binary-expr","locations":[{"start":{"line":14,"column":21},"end":{"line":14,"column":34}},{"start":{"line":14,"column":38},"end":{"line":14,"column":40}}]},"1":{"loc":{"start":{"line":15,"column":18},"end":{"line":15,"column":34}},"type":"binary-expr","locations":[{"start":{"line":15,"column":18},"end":{"line":15,"column":28}},{"start":{"line":15,"column":32},"end":{"line":15,"column":34}}]},"2":{"loc":{"start":{"line":17,"column":17},"end":{"line":17,"column":57}},"type":"cond-expr","locations":[{"start":{"line":17,"column":30},"end":{"line":17,"column":52}},{"start":{"line":17,"column":55},"end":{"line":17,"column":57}}]},"3":{"loc":{"start":{"line":18,"column":31},"end":{"line":18,"column":80}},"type":"binary-expr","locations":[{"start":{"line":18,"column":31},"end":{"line":18,"column":46}},{"start":{"line":18,"column":50},"end":{"line":18,"column":58}},{"start":{"line":18,"column":62},"end":{"line":18,"column":67}},{"start":{"line":18,"column":71},"end":{"line":18,"column":80}}]},"4":{"loc":{"start":{"line":60,"column":15},"end":{"line":60,"column":71}},"type":"cond-expr","locations":[{"start":{"line":60,"column":40},"end":{"line":60,"column":53}},{"start":{"line":60,"column":56},"end":{"line":60,"column":71}}]}},"s":{"0":0,"1":0,"2":0,"3":0,"4":0,"5":0,"6":0,"7":0,"8":0,"9":0,"10":0,"11":0,"12":0,"13":0,"14":0,"15":0,"16":0,"17":0},"f":{"0":0},"b":{"0":[0,0],"1":[0,0],"2":[0,0],"3":[0,0,0,0],"4":[0,0]}}
,"/Users/fjp/projects/syniad/handlers/getGame.ts": {"path":"/Users/fjp/projects/syniad/handlers/getGame.ts","statementMap":{"0":{"start":{"line":2,"column":0},"end":{"line":2,"column":36}},"1":{"start":{"line":3,"column":0},"end":{"line":3,"column":50}},"2":{"start":{"line":5,"column":23},"end":{"line":84,"column":1}},"3":{"start":{"line":8,"column":2},"end":{"line":83,"column":3}},"4":{"start":{"line":10,"column":17},"end":{"line":10,"column":43}},"5":{"start":{"line":13,"column":19},"end":{"line":13,"column":47}},"6":{"start":{"line":15,"column":4},"end":{"line":31,"column":5}},"7":{"start":{"line":16,"column":6},"end":{"line":30,"column":8}},"8":{"start":{"line":34,"column":17},"end":{"line":34,"column":38}},"9":{"start":{"line":36,"column":4},"end":{"line":52,"column":5}},"10":{"start":{"line":37,"column":6},"end":{"line":51,"column":8}},"11":{"start":{"line":54,"column":4},"end":{"line":69,"column":6}},"12":{"start":{"line":71,"column":4},"end":{"line":71,"column":48}},"13":{"start":{"line":72,"column":4},"end":{"line":82,"column":6}},"14":{"start":{"line":5,"column":13},"end":{"line":5,"column":23}}},"fnMap":{"0":{"name":"(anonymous_0)","decl":{"start":{"line":5,"column":23},"end":{"line":5,"column":28}},"loc":{"start":{"line":7,"column":36},"end":{"line":84,"column":1}}}},"branchMap":{"0":{"loc":{"start":{"line":15,"column":4},"end":{"line":31,"column":5}},"type":"if","locations":[{"start":{"line":15,"column":4},"end":{"line":31,"column":5}}]},"1":{"loc":{"start":{"line":36,"column":4},"end":{"line":52,"column":5}},"type":"if","locations":[{"start":{"line":36,"column":4},"end":{"line":52,"column":5}}]},"2":{"loc":{"start":{"line":79,"column":15},"end":{"line":79,"column":71}},"type":"cond-expr","locations":[{"start":{"line":79,"column":40},"end":{"line":79,"column":53}},{"start":{"line":79,"column":56},"end":{"line":79,"column":71}}]}},"s":{"0":0,"1":0,"2":0,"3":0,"4":0,"5":0,"6":0,"7":0,"8":0,"9":0,"10":0,"11":0,"12":0,"13":0,"14":0},"f":{"0":0},"b":{"0":[0],"1":[0],"2":[0,0]}}
,"/Users/fjp/projects/syniad/handlers/joinGame.ts": {"path":"/Users/fjp/projects/syniad/handlers/joinGame.ts","statementMap":{"0":{"start":{"line":2,"column":0},"end":{"line":2,"column":46}},"1":{"start":{"line":3,"column":0},"end":{"line":3,"column":50}},"2":{"start":{"line":6,"column":23},"end":{"line":175,"column":1}},"3":{"start":{"line":9,"column":2},"end":{"line":174,"column":3}},"4":{"start":{"line":11,"column":17},"end":{"line":11,"column":43}},"5":{"start":{"line":12,"column":19},"end":{"line":12,"column":30}},"6":{"start":{"line":13,"column":21},"end":{"line":13,"column":40}},"7":{"start":{"line":14,"column":18},"end":{"line":14,"column":34}},"8":{"start":{"line":17,"column":19},"end":{"line":17,"column":47}},"9":{"start":{"line":19,"column":4},"end":{"line":35,"column":5}},"10":{"start":{"line":20,"column":6},"end":{"line":34,"column":8}},"11":{"start":{"line":38,"column":17},"end":{"line":38,"column":57}},"12":{"start":{"line":39,"column":31},"end":{"line":39,"column":80}},"13":{"start":{"line":42,"column":17},"end":{"line":42,"column":38}},"14":{"start":{"line":44,"column":4},"end":{"line":60,"column":5}},"15":{"start":{"line":45,"column":6},"end":{"line":59,"column":8}},"16":{"start":{"line":63,"column":4},"end":{"line":79,"column":5}},"17":{"start":{"line":64,"column":6},"end":{"line":78,"column":8}},"18":{"start":{"line":82,"column":4},"end":{"line":98,"column":5}},"19":{"start":{"line":83,"column":6},"end":{"line":97,"column":8}},"20":{"start":{"line":101,"column":4},"end":{"line":117,"column":5}},"21":{"start":{"line":101,"column":41},"end":{"line":101,"column":60}},"22":{"start":{"line":102,"column":6},"end":{"line":116,"column":8}},"23":{"start":{"line":120,"column":30},"end":{"line":124,"column":6}},"24":{"start":{"line":126,"column":4},"end":{"line":126,"column":33}},"25":{"start":{"line":129,"column":4},"end":{"line":131,"column":5}},"26":{"start":{"line":130,"column":6},"end":{"line":130,"column":38}},"27":{"start":{"line":134,"column":4},"end":{"line":136,"column":5}},"28":{"start":{"line":135,"column":6},"end":{"line":135,"column":29}},"29":{"start":{"line":139,"column":4},"end":{"line":139,"column":46}},"30":{"start":{"line":142,"column":4},"end":{"line":142,"column":25}},"31":{"start":{"line":144,"column":4},"end":{"line":160,"column":6}},"32":{"start":{"line":162,"column":4},"end":{"line":162,"column":48}},"33":{"start":{"line":163,"column":4},"end":{"line":173,"column":6}},"34":{"start":{"line":6,"column":13},"end":{"line":6,"column":23}}},"fnMap":{"0":{"name":"(anonymous_0)","decl":{"start":{"line":6,"column":23},"end":{"line":6,"column":28}},"loc":{"start":{"line":8,"column":36},"end":{"line":175,"column":1}}},"1":{"name":"(anonymous_1)","decl":{"start":{"line":101,"column":36},"end":{"line":101,"column":37}},"loc":{"start":{"line":101,"column":41},"end":{"line":101,"column":60}}}},"branchMap":{"0":{"loc":{"start":{"line":13,"column":21},"end":{"line":13,"column":40}},"type":"binary-expr","locations":[{"start":{"line":13,"column":21},"end":{"line":13,"column":34}},{"start":{"line":13,"column":38},"end":{"line":13,"column":40}}]},"1":{"loc":{"start":{"line":14,"column":18},"end":{"line":14,"column":34}},"type":"binary-expr","locations":[{"start":{"line":14,"column":18},"end":{"line":14,"column":28}},{"start":{"line":14,"column":32},"end":{"line":14,"column":34}}]},"2":{"loc":{"start":{"line":19,"column":4},"end":{"line":35,"column":5}},"type":"if","locations":[{"start":{"line":19,"column":4},"end":{"line":35,"column":5}}]},"3":{"loc":{"start":{"line":38,"column":17},"end":{"line":38,"column":57}},"type":"cond-expr","locations":[{"start":{"line":38,"column":30},"end":{"line":38,"column":52}},{"start":{"line":38,"column":55},"end":{"line":38,"column":57}}]},"4":{"loc":{"start":{"line":39,"column":31},"end":{"line":39,"column":80}},"type":"binary-expr","locations":[{"start":{"line":39,"column":31},"end":{"line":39,"column":46}},{"start":{"line":39,"column":50},"end":{"line":39,"column":58}},{"start":{"line":39,"column":62},"end":{"line":39,"column":67}},{"start":{"line":39,"column":71},"end":{"line":39,"column":80}}]},"5":{"loc":{"start":{"line":44,"column":4},"end":{"line":60,"column":5}},"type":"if","locations":[{"start":{"line":44,"column":4},"end":{"line":60,"column":5}}]},"6":{"loc":{"start":{"line":63,"column":4},"end":{"line":79,"column":5}},"type":"if","locations":[{"start":{"line":63,"column":4},"end":{"line":79,"column":5}}]},"7":{"loc":{"start":{"line":82,"column":4},"end":{"line":98,"column":5}},"type":"if","locations":[{"start":{"line":82,"column":4},"end":{"line":98,"column":5}}]},"8":{"loc":{"start":{"line":101,"column":4},"end":{"line":117,"column":5}},"type":"if","locations":[{"start":{"line":101,"column":4},"end":{"line":117,"column":5}}]},"9":{"loc":{"start":{"line":101,"column":8},"end":{"line":101,"column":61}},"type":"binary-expr","locations":[{"start":{"line":101,"column":8},"end":{"line":101,"column":14}},{"start":{"line":101,"column":18},"end":{"line":101,"column":61}}]},"10":{"loc":{"start":{"line":129,"column":4},"end":{"line":131,"column":5}},"type":"if","locations":[{"start":{"line":129,"column":4},"end":{"line":131,"column":5}}]},"11":{"loc":{"start":{"line":134,"column":4},"end":{"line":136,"column":5}},"type":"if","locations":[{"start":{"line":134,"column":4},"end":{"line":136,"column":5}}]},"12":{"loc":{"start":{"line":153,"column":17},"end":{"line":153,"column":94}},"type":"cond-expr","locations":[{"start":{"line":153,"column":44},"end":{"line":153,"column":65}},{"start":{"line":153,"column":68},"end":{"line":153,"column":94}}]},"13":{"loc":{"start":{"line":170,"column":15},"end":{"line":170,"column":71}},"type":"cond-expr","locations":[{"start":{"line":170,"column":40},"end":{"line":170,"column":53}},{"start":{"line":170,"column":56},"end":{"line":170,"column":71}}]}},"s":{"0":0,"1":0,"2":0,"3":0,"4":0,"5":0,"6":0,"7":0,"8":0,"9":0,"10":0,"11":0,"12":0,"13":0,"14":0,"15":0,"16":0,"17":0,"18":0,"19":0,"20":0,"21":0,"22":0,"23":0,"24":0,"25":0,"26":0,"27":0,"28":0,"29":0,"30":0,"31":0,"32":0,"33":0,"34":0},"f":{"0":0,"1":0},"b":{"0":[0,0],"1":[0,0],"2":[0],"3":[0,0],"4":[0,0,0,0],"5":[0],"6":[0],"7":[0],"8":[0],"9":[0,0],"10":[0],"11":[0],"12":[0,0],"13":[0,0]}}
,"/Users/fjp/projects/syniad/handlers/test.ts": {"path":"/Users/fjp/projects/syniad/handlers/test.ts","statementMap":{"0":{"start":{"line":2,"column":0},"end":{"line":2,"column":50}},"1":{"start":{"line":4,"column":23},"end":{"line":54,"column":1}},"2":{"start":{"line":7,"column":2},"end":{"line":53,"column":3}},"3":{"start":{"line":8,"column":17},"end":{"line":8,"column":43}},"4":{"start":{"line":11,"column":27},"end":{"line":11,"column":54}},"5":{"start":{"line":12,"column":4},"end":{"line":12,"column":99}},"6":{"start":{"line":14,"column":4},"end":{"line":39,"column":6}},"7":{"start":{"line":41,"column":4},"end":{"line":41,"column":43}},"8":{"start":{"line":42,"column":4},"end":{"line":52,"column":6}},"9":{"start":{"line":4,"column":13},"end":{"line":4,"column":23}}},"fnMap":{"0":{"name":"(anonymous_0)","decl":{"start":{"line":4,"column":23},"end":{"line":4,"column":28}},"loc":{"start":{"line":6,"column":38},"end":{"line":54,"column":1}}}},"branchMap":{"0":{"loc":{"start":{"line":24,"column":17},"end":{"line":24,"column":122}},"type":"binary-expr","locations":[{"start":{"line":24,"column":17},"end":{"line":24,"column":56}},{"start":{"line":24,"column":61},"end":{"line":24,"column":94}},{"start":{"line":24,"column":98},"end":{"line":24,"column":111}},{"start":{"line":24,"column":115},"end":{"line":24,"column":122}}]},"1":{"loc":{"start":{"line":25,"column":19},"end":{"line":25,"column":113}},"type":"binary-expr","locations":[{"start":{"line":25,"column":19},"end":{"line":25,"column":60}},{"start":{"line":25,"column":65},"end":{"line":25,"column":104}},{"start":{"line":25,"column":108},"end":{"line":25,"column":113}}]},"2":{"loc":{"start":{"line":35,"column":26},"end":{"line":35,"column":97}},"type":"cond-expr","locations":[{"start":{"line":35,"column":54},"end":{"line":35,"column":92}},{"start":{"line":35,"column":95},"end":{"line":35,"column":97}}]},"3":{"loc":{"start":{"line":49,"column":15},"end":{"line":49,"column":71}},"type":"cond-expr","locations":[{"start":{"line":49,"column":40},"end":{"line":49,"column":53}},{"start":{"line":49,"column":56},"end":{"line":49,"column":71}}]},"4":{"loc":{"start":{"line":50,"column":17},"end":{"line":50,"column":65}},"type":"cond-expr","locations":[{"start":{"line":50,"column":42},"end":{"line":50,"column":53}},{"start":{"line":50,"column":56},"end":{"line":50,"column":65}}]}},"s":{"0":0,"1":0,"2":0,"3":0,"4":0,"5":0,"6":0,"7":0,"8":0,"9":0},"f":{"0":0},"b":{"0":[0,0,0,0],"1":[0,0,0],"2":[0,0],"3":[0,0],"4":[0,0]}}
,"/Users/fjp/projects/syniad/lib/auth.ts": {"path":"/Users/fjp/projects/syniad/lib/auth.ts","statementMap":{"0":{"start":{"line":13,"column":0},"end":{"line":13,"column":16}},"1":{"start":{"line":17,"column":25},"end":{"line":17,"column":52}},"2":{"start":{"line":18,"column":21},"end":{"line":18,"column":46}},"3":{"start":{"line":22,"column":25},"end":{"line":22,"column":51}},"4":{"start":{"line":23,"column":17},"end":{"line":23,"column":69}},"5":{"start":{"line":24,"column":19},"end":{"line":24,"column":81}},"6":{"start":{"line":25,"column":16},"end":{"line":25,"column":72}},"7":{"start":{"line":27,"column":2},"end":{"line":31,"column":4}}},"fnMap":{"0":{"name":"extractUserIdentity","decl":{"start":{"line":13,"column":16},"end":{"line":13,"column":35}},"loc":{"start":{"line":14,"column":104},"end":{"line":32,"column":1}}}},"branchMap":{"0":{"loc":{"start":{"line":23,"column":17},"end":{"line":23,"column":69}},"type":"binary-expr","locations":[{"start":{"line":23,"column":17},"end":{"line":23,"column":38}},{"start":{"line":23,"column":43},"end":{"line":23,"column":69}}]},"1":{"loc":{"start":{"line":24,"column":19},"end":{"line":24,"column":81}},"type":"binary-expr","locations":[{"start":{"line":24,"column":19},"end":{"line":24,"column":42}},{"start":{"line":24,"column":47},"end":{"line":24,"column":75}},{"start":{"line":24,"column":79},"end":{"line":24,"column":81}}]},"2":{"loc":{"start":{"line":25,"column":16},"end":{"line":25,"column":72}},"type":"binary-expr","locations":[{"start":{"line":25,"column":16},"end":{"line":25,"column":36}},{"start":{"line":25,"column":41},"end":{"line":25,"column":66}},{"start":{"line":25,"column":70},"end":{"line":25,"column":72}}]}},"s":{"0":0,"1":0,"2":0,"3":0,"4":0,"5":0,"6":0,"7":0},"f":{"0":0},"b":{"0":[0,0],"1":[0,0,0],"2":[0,0,0]}}
,"/Users/fjp/projects/syniad/lib/db.ts": {"path":"/Users/fjp/projects/syniad/lib/db.ts","statementMap":{"0":{"start":{"line":23,"column":0},"end":{"line":23,"column":7}},"1":{"start":{"line":39,"column":0},"end":{"line":39,"column":7}},"2":{"start":{"line":1,"column":0},"end":{"line":1,"column":58}},"3":{"start":{"line":2,"column":0},"end":{"line":2,"column":87}},"4":{"start":{"line":6,"column":39},"end":{"line":6,"column":48}},"5":{"start":{"line":8,"column":20},"end":{"line":8,"column":49}},"6":{"start":{"line":9,"column":19},"end":{"line":9,"column":52}},"7":{"start":{"line":12,"column":16},"end":{"line":12,"column":26}},"8":{"start":{"line":15,"column":52},"end":{"line":15,"column":56}},"9":{"start":{"line":16,"column":0},"end":{"line":21,"column":1}},"10":{"start":{"line":17,"column":17},"end":{"line":19,"column":4}},"11":{"start":{"line":20,"column":2},"end":{"line":20,"column":55}},"12":{"start":{"line":24,"column":2},"end":{"line":28,"column":3}},"13":{"start":{"line":26,"column":4},"end":{"line":26,"column":39}},"14":{"start":{"line":27,"column":4},"end":{"line":27,"column":29}},"15":{"start":{"line":31,"column":2},"end":{"line":36,"column":4}},"16":{"start":{"line":40,"column":2},"end":{"line":43,"column":3}},"17":{"start":{"line":42,"column":4},"end":{"line":42,"column":52}},"18":{"start":{"line":46,"column":17},"end":{"line":50,"column":null}},"19":{"start":{"line":53,"column":2},"end":{"line":53,"column":41}}},"fnMap":{"0":{"name":"saveGame","decl":{"start":{"line":23,"column":22},"end":{"line":23,"column":30}},"loc":{"start":{"line":23,"column":41},"end":{"line":37,"column":1}}},"1":{"name":"getGame","decl":{"start":{"line":39,"column":22},"end":{"line":39,"column":29}},"loc":{"start":{"line":39,"column":44},"end":{"line":54,"column":1}}}},"branchMap":{"0":{"loc":{"start":{"line":8,"column":20},"end":{"line":8,"column":49}},"type":"binary-expr","locations":[{"start":{"line":8,"column":20},"end":{"line":8,"column":43}},{"start":{"line":8,"column":47},"end":{"line":8,"column":49}}]},"1":{"loc":{"start":{"line":16,"column":0},"end":{"line":21,"column":1}},"type":"if","locations":[{"start":{"line":16,"column":0},"end":{"line":21,"column":1}}]},"2":{"loc":{"start":{"line":18,"column":12},"end":{"line":18,"column":49}},"type":"binary-expr","locations":[{"start":{"line":18,"column":12},"end":{"line":18,"column":34}},{"start":{"line":18,"column":38},"end":{"line":18,"column":49}}]},"3":{"loc":{"start":{"line":24,"column":2},"end":{"line":28,"column":3}},"type":"if","locations":[{"start":{"line":24,"column":2},"end":{"line":28,"column":3}}]},"4":{"loc":{"start":{"line":40,"column":2},"end":{"line":43,"column":3}},"type":"if","locations":[{"start":{"line":40,"column":2},"end":{"line":43,"column":3}}]}},"s":{"0":0,"1":0,"2":0,"3":0,"4":0,"5":0,"6":0,"7":0,"8":0,"9":0,"10":0,"11":0,"12":0,"13":0,"14":0,"15":0,"16":0,"17":0,"18":0,"19":0},"f":{"0":0,"1":0},"b":{"0":[0,0],"1":[0],"2":[0,0],"3":[0],"4":[0]}}
}
