TN:
SF:handlers/authorizer.ts
FN:11,(anonymous_0)
FN:118,generatePolicy
FNF:2
FNH:0
FNDA:0,(anonymous_0)
FNDA:0,generatePolicy
DA:2,0
DA:5,0
DA:11,0
DA:15,0
DA:16,0
DA:19,0
DA:20,0
DA:22,0
DA:23,0
DA:27,0
DA:28,0
DA:36,0
DA:37,0
DA:38,0
DA:39,0
DA:40,0
DA:44,0
DA:47,0
DA:48,0
DA:49,0
DA:50,0
DA:51,0
DA:52,0
DA:53,0
DA:55,0
DA:57,0
DA:61,0
DA:62,0
DA:63,0
DA:67,0
DA:77,0
DA:82,0
DA:83,0
DA:85,0
DA:89,0
DA:90,0
DA:92,0
DA:94,0
DA:95,0
DA:96,0
DA:97,0
DA:98,0
DA:99,0
DA:100,0
DA:101,0
DA:104,0
DA:105,0
DA:106,0
DA:109,0
DA:110,0
DA:111,0
DA:124,0
LF:52
LH:0
BRDA:15,0,0,0
BRDA:22,1,0,0
BRDA:22,2,0,0
BRDA:22,2,1,0
BRDA:27,3,0,0
BRDA:36,4,0,0
BRDA:36,4,1,0
BRDA:37,5,0,0
BRDA:39,6,0,0
BRDA:39,6,1,0
BRDA:61,7,0,0
BRDA:61,7,1,0
BRDA:62,8,0,0
BRDA:62,8,1,0
BRDA:63,9,0,0
BRDA:63,9,1,0
BRDA:63,10,0,0
BRDA:63,10,1,0
BRDA:63,11,0,0
BRDA:63,11,1,0
BRDA:63,11,2,0
BRDA:77,12,0,0
BRDA:77,12,1,0
BRDA:85,13,0,0
BRDA:85,13,1,0
BRDA:111,14,0,0
BRDA:111,14,1,0
BRF:27
BRH:0
end_of_record
TN:
SF:handlers/createGame.ts
FN:7,(anonymous_0)
FNF:1
FNH:0
FNDA:0,(anonymous_0)
DA:2,0
DA:3,0
DA:4,0
DA:7,0
DA:10,0
DA:12,0
DA:13,0
DA:14,0
DA:15,0
DA:17,0
DA:18,0
DA:20,0
DA:21,0
DA:33,0
DA:35,0
DA:52,0
DA:53,0
LF:17
LH:0
BRDA:14,0,0,0
BRDA:14,0,1,0
BRDA:15,1,0,0
BRDA:15,1,1,0
BRDA:17,2,0,0
BRDA:17,2,1,0
BRDA:18,3,0,0
BRDA:18,3,1,0
BRDA:18,3,2,0
BRDA:18,3,3,0
BRDA:60,4,0,0
BRDA:60,4,1,0
BRF:12
BRH:0
end_of_record
TN:
SF:handlers/getGame.ts
FN:5,(anonymous_0)
FNF:1
FNH:0
FNDA:0,(anonymous_0)
DA:2,0
DA:3,0
DA:5,0
DA:8,0
DA:10,0
DA:13,0
DA:15,0
DA:16,0
DA:34,0
DA:36,0
DA:37,0
DA:54,0
DA:71,0
DA:72,0
LF:14
LH:0
BRDA:15,0,0,0
BRDA:36,1,0,0
BRDA:79,2,0,0
BRDA:79,2,1,0
BRF:4
BRH:0
end_of_record
TN:
SF:handlers/joinGame.ts
FN:6,(anonymous_0)
FN:101,(anonymous_1)
FNF:2
FNH:0
FNDA:0,(anonymous_0)
FNDA:0,(anonymous_1)
DA:2,0
DA:3,0
DA:6,0
DA:9,0
DA:11,0
DA:12,0
DA:13,0
DA:14,0
DA:17,0
DA:19,0
DA:20,0
DA:38,0
DA:39,0
DA:42,0
DA:44,0
DA:45,0
DA:63,0
DA:64,0
DA:82,0
DA:83,0
DA:101,0
DA:102,0
DA:120,0
DA:126,0
DA:129,0
DA:130,0
DA:134,0
DA:135,0
DA:139,0
DA:142,0
DA:144,0
DA:162,0
DA:163,0
LF:33
LH:0
BRDA:13,0,0,0
BRDA:13,0,1,0
BRDA:14,1,0,0
BRDA:14,1,1,0
BRDA:19,2,0,0
BRDA:38,3,0,0
BRDA:38,3,1,0
BRDA:39,4,0,0
BRDA:39,4,1,0
BRDA:39,4,2,0
BRDA:39,4,3,0
BRDA:44,5,0,0
BRDA:63,6,0,0
BRDA:82,7,0,0
BRDA:101,8,0,0
BRDA:101,9,0,0
BRDA:101,9,1,0
BRDA:129,10,0,0
BRDA:134,11,0,0
BRDA:153,12,0,0
BRDA:153,12,1,0
BRDA:170,13,0,0
BRDA:170,13,1,0
BRF:23
BRH:0
end_of_record
TN:
SF:handlers/test.ts
FN:4,(anonymous_0)
FNF:1
FNH:0
FNDA:0,(anonymous_0)
DA:2,0
DA:4,0
DA:7,0
DA:8,0
DA:11,0
DA:12,0
DA:14,0
DA:41,0
DA:42,0
LF:9
LH:0
BRDA:24,0,0,0
BRDA:24,0,1,0
BRDA:24,0,2,0
BRDA:24,0,3,0
BRDA:25,1,0,0
BRDA:25,1,1,0
BRDA:25,1,2,0
BRDA:35,2,0,0
BRDA:35,2,1,0
BRDA:49,3,0,0
BRDA:49,3,1,0
BRDA:50,4,0,0
BRDA:50,4,1,0
BRF:13
BRH:0
end_of_record
TN:
SF:lib/auth.ts
FN:13,extractUserIdentity
FNF:1
FNH:0
FNDA:0,extractUserIdentity
DA:13,0
DA:17,0
DA:18,0
DA:22,0
DA:23,0
DA:24,0
DA:25,0
DA:27,0
LF:8
LH:0
BRDA:23,0,0,0
BRDA:23,0,1,0
BRDA:24,1,0,0
BRDA:24,1,1,0
BRDA:24,1,2,0
BRDA:25,2,0,0
BRDA:25,2,1,0
BRDA:25,2,2,0
BRF:8
BRH:0
end_of_record
TN:
SF:lib/db.ts
FN:23,saveGame
FN:39,getGame
FNF:2
FNH:0
FNDA:0,saveGame
FNDA:0,getGame
DA:1,0
DA:2,0
DA:6,0
DA:8,0
DA:9,0
DA:12,0
DA:15,0
DA:16,0
DA:17,0
DA:20,0
DA:23,0
DA:24,0
DA:26,0
DA:27,0
DA:31,0
DA:39,0
DA:40,0
DA:42,0
DA:46,0
DA:53,0
LF:20
LH:0
BRDA:8,0,0,0
BRDA:8,0,1,0
BRDA:16,1,0,0
BRDA:18,2,0,0
BRDA:18,2,1,0
BRDA:24,3,0,0
BRDA:40,4,0,0
BRF:7
BRH:0
end_of_record
